# JRE version: OpenJDK Runtime Environment (8.0_242-b01) (build 1.8.0_242-release-1644-b01)
# Java VM: OpenJDK 64-Bit Server VM (25.242-b01 mixed mode windows-amd64 compressed oops)
Heap:
 PSYoungGen      total 527360K, used 507559K [0x00000000d5580000, 0x00000000fce00000, 0x0000000100000000)
  eden space 449024K, 100% used [0x00000000d5580000,0x00000000f0c00000,0x00000000f0c00000)
  from space 78336K, 74% used [0x00000000f8180000,0x00000000fbaa9c20,0x00000000fce00000)
  to   space 99328K, 56% used [0x00000000f0c00000,0x00000000f4313528,0x00000000f6d00000)
 ParOldGen       total 866304K, used 583639K [0x0000000080000000, 0x00000000b4e00000, 0x00000000d5580000)
  object space 866304K, 67% used [0x0000000080000000,0x00000000a39f5d70,0x00000000b4e00000)
 Metaspace       used 96440K, capacity 100738K, committed 101016K, reserved 1136640K
  class space    used 12531K, capacity 13375K, committed 13488K, reserved 1048576K
GC Heap History (10 events):
Event: 18.575 GC heap after
Heap after GC invocations=12 (full 3):
 PSYoungGen      total 365568K, used 25662K [0x00000000d5580000, 0x00000000f1d00000, 0x0000000100000000)
  eden space 338944K, 0% used [0x00000000d5580000,0x00000000d5580000,0x00000000ea080000)
  from space 26624K, 96% used [0x00000000ea080000,0x00000000eb98f9a0,0x00000000eba80000)
  to   space 30208K, 0% used [0x00000000eff80000,0x00000000eff80000,0x00000000f1d00000)
 ParOldGen       total 211968K, used 41523K [0x0000000080000000, 0x000000008cf00000, 0x00000000d5580000)
  object space 211968K, 19% used [0x0000000080000000,0x000000008288cd90,0x000000008cf00000)
 Metaspace       used 67759K, capacity 71064K, committed 71192K, reserved 1110016K
  class space    used 9279K, capacity 9943K, committed 10032K, reserved 1048576K
}
Event: 21.638 GC heap before
{Heap before GC invocations=13 (full 3):
 PSYoungGen      total 365568K, used 364606K [0x00000000d5580000, 0x00000000f1d00000, 0x0000000100000000)
  eden space 338944K, 100% used [0x00000000d5580000,0x00000000ea080000,0x00000000ea080000)
  from space 26624K, 96% used [0x00000000ea080000,0x00000000eb98f9a0,0x00000000eba80000)
  to   space 30208K, 0% used [0x00000000eff80000,0x00000000eff80000,0x00000000f1d00000)
 ParOldGen       total 211968K, used 41523K [0x0000000080000000, 0x000000008cf00000, 0x00000000d5580000)
  object space 211968K, 19% used [0x0000000080000000,0x000000008288cd90,0x000000008cf00000)
 Metaspace       used 73798K, capacity 77640K, committed 77848K, reserved 1116160K
  class space    used 10226K, capacity 10977K, committed 11056K, reserved 1048576K
Event: 21.730 GC heap after
Heap after GC invocations=13 (full 3):
 PSYoungGen      total 410624K, used 30191K [0x00000000d5580000, 0x00000000f5700000, 0x0000000100000000)
  eden space 380416K, 0% used [0x00000000d5580000,0x00000000d5580000,0x00000000ec900000)
  from space 30208K, 99% used [0x00000000eff80000,0x00000000f1cfbde8,0x00000000f1d00000)
  to   space 55808K, 0% used [0x00000000ec900000,0x00000000ec900000,0x00000000eff80000)
 ParOldGen       total 211968K, used 99437K [0x0000000080000000, 0x000000008cf00000, 0x00000000d5580000)
  object space 211968K, 46% used [0x0000000080000000,0x000000008611b480,0x000000008cf00000)
 Metaspace       used 73798K, capacity 77640K, committed 77848K, reserved 1116160K
  class space    used 10226K, capacity 10977K, committed 11056K, reserved 1048576K
}
Event: 27.471 GC heap before
{Heap before GC invocations=14 (full 3):
 PSYoungGen      total 410624K, used 410607K [0x00000000d5580000, 0x00000000f5700000, 0x0000000100000000)
  eden space 380416K, 100% used [0x00000000d5580000,0x00000000ec900000,0x00000000ec900000)
  from space 30208K, 99% used [0x00000000eff80000,0x00000000f1cfbde8,0x00000000f1d00000)
  to   space 55808K, 0% used [0x00000000ec900000,0x00000000ec900000,0x00000000eff80000)
 ParOldGen       total 211968K, used 99437K [0x0000000080000000, 0x000000008cf00000, 0x00000000d5580000)
  object space 211968K, 46% used [0x0000000080000000,0x000000008611b480,0x000000008cf00000)
 Metaspace       used 76524K, capacity 80764K, committed 81048K, reserved 1118208K
  class space    used 10565K, capacity 11377K, committed 11440K, reserved 1048576K
Event: 27.666 GC heap after
Heap after GC invocations=14 (full 3):
 PSYoungGen      total 436224K, used 55803K [0x00000000d5580000, 0x00000000fdf80000, 0x0000000100000000)
  eden space 380416K, 0% used [0x00000000d5580000,0x00000000d5580000,0x00000000ec900000)
  from space 55808K, 99% used [0x00000000ec900000,0x00000000eff7ec10,0x00000000eff80000)
  to   space 96256K, 0% used [0x00000000f8180000,0x00000000f8180000,0x00000000fdf80000)
 ParOldGen       total 211968K, used 183363K [0x0000000080000000, 0x000000008cf00000, 0x00000000d5580000)
  object space 211968K, 86% used [0x0000000080000000,0x000000008b310f68,0x000000008cf00000)
 Metaspace       used 76524K, capacity 80764K, committed 81048K, reserved 1118208K
  class space    used 10565K, capacity 11377K, committed 11440K, reserved 1048576K
}
Event: 27.666 GC heap before
{Heap before GC invocations=15 (full 4):
 PSYoungGen      total 436224K, used 55803K [0x00000000d5580000, 0x00000000fdf80000, 0x0000000100000000)
  eden space 380416K, 0% used [0x00000000d5580000,0x00000000d5580000,0x00000000ec900000)
  from space 55808K, 99% used [0x00000000ec900000,0x00000000eff7ec10,0x00000000eff80000)
  to   space 96256K, 0% used [0x00000000f8180000,0x00000000f8180000,0x00000000fdf80000)
 ParOldGen       total 211968K, used 183363K [0x0000000080000000, 0x000000008cf00000, 0x00000000d5580000)
  object space 211968K, 86% used [0x0000000080000000,0x000000008b310f68,0x000000008cf00000)
 Metaspace       used 76524K, capacity 80764K, committed 81048K, reserved 1118208K
  class space    used 10565K, capacity 11377K, committed 11440K, reserved 1048576K
Event: 29.049 GC heap after
Heap after GC invocations=15 (full 4):
 PSYoungGen      total 436224K, used 0K [0x00000000d5580000, 0x00000000fdf80000, 0x0000000100000000)
  eden space 380416K, 0% used [0x00000000d5580000,0x00000000d5580000,0x00000000ec900000)
  from space 55808K, 0% used [0x00000000ec900000,0x00000000ec900000,0x00000000eff80000)
  to   space 96256K, 0% used [0x00000000f8180000,0x00000000f8180000,0x00000000fdf80000)
 ParOldGen       total 483840K, used 201407K [0x0000000080000000, 0x000000009d880000, 0x00000000d5580000)
  object space 483840K, 41% used [0x0000000080000000,0x000000008c4afd30,0x000000009d880000)
 Metaspace       used 76222K, capacity 79896K, committed 81048K, reserved 1118208K
  class space    used 10466K, capacity 11201K, committed 11440K, reserved 1048576K
}
Event: 33.285 GC heap before
{Heap before GC invocations=16 (full 4):
 PSYoungGen      total 436224K, used 380416K [0x00000000d5580000, 0x00000000fdf80000, 0x0000000100000000)
  eden space 380416K, 100% used [0x00000000d5580000,0x00000000ec900000,0x00000000ec900000)
  from space 55808K, 0% used [0x00000000ec900000,0x00000000ec900000,0x00000000eff80000)
  to   space 96256K, 0% used [0x00000000f8180000,0x00000000f8180000,0x00000000fdf80000)
 ParOldGen       total 483840K, used 201407K [0x0000000080000000, 0x000000009d880000, 0x00000000d5580000)
  object space 483840K, 41% used [0x0000000080000000,0x000000008c4afd30,0x000000009d880000)
 Metaspace       used 89999K, capacity 94036K, committed 94616K, reserved 1130496K
  class space    used 12047K, capacity 12818K, committed 12976K, reserved 1048576K
Event: 33.349 GC heap after
Heap after GC invocations=16 (full 4):
 PSYoungGen      total 527360K, used 58535K [0x00000000d5580000, 0x00000000fce00000, 0x0000000100000000)
  eden space 449024K, 0% used [0x00000000d5580000,0x00000000d5580000,0x00000000f0c00000)
  from space 78336K, 74% used [0x00000000f8180000,0x00000000fbaa9c20,0x00000000fce00000)
  to   space 99328K, 0% used [0x00000000f0c00000,0x00000000f0c00000,0x00000000f6d00000)
 ParOldGen       total 483840K, used 201423K [0x0000000080000000, 0x000000009d880000, 0x00000000d5580000)
  object space 483840K, 41% used [0x0000000080000000,0x000000008c4b3d30,0x000000009d880000)
 Metaspace       used 89999K, capacity 94036K, committed 94616K, reserved 1130496K
  class space    used 12047K, capacity 12818K, committed 12976K, reserved 1048576K
}
Event: 92.864 GC heap before
{Heap before GC invocations=17 (full 4):
 PSYoungGen      total 527360K, used 507559K [0x00000000d5580000, 0x00000000fce00000, 0x0000000100000000)
  eden space 449024K, 100% used [0x00000000d5580000,0x00000000f0c00000,0x00000000f0c00000)
  from space 78336K, 74% used [0x00000000f8180000,0x00000000fbaa9c20,0x00000000fce00000)
  to   space 99328K, 0% used [0x00000000f0c00000,0x00000000f0c00000,0x00000000f6d00000)
 ParOldGen       total 483840K, used 201423K [0x0000000080000000, 0x000000009d880000, 0x00000000d5580000)
  object space 483840K, 41% used [0x0000000080000000,0x000000008c4b3d30,0x000000009d880000)
 Metaspace       used 96440K, capacity 100738K, committed 101016K, reserved 1136640K
  class space    used 12531K, capacity 13375K, committed 13488K, reserved 1048576K

