# JRE version: OpenJDK Runtime Environment (8.0_242-b01) (build 1.8.0_242-release-1644-b01)
# Java VM: OpenJDK 64-Bit Server VM (25.242-b01 mixed mode windows-amd64 compressed oops)
Heap:
 PSYoungGen      total 524288K, used 180298K [0x00000000d5580000, 0x00000000fec00000, 0x0000000100000000)
  eden space 396800K, 30% used [0x00000000d5580000,0x00000000dcb7c848,0x00000000ed900000)
  from space 127488K, 46% used [0x00000000f6f80000,0x00000000fa9962d0,0x00000000fec00000)
  to   space 140800K, 0% used [0x00000000ed900000,0x00000000ed900000,0x00000000f6280000)
 ParOldGen       total 463360K, used 306685K [0x0000000080000000, 0x000000009c480000, 0x00000000d5580000)
  object space 463360K, 66% used [0x0000000080000000,0x0000000092b7f5a0,0x000000009c480000)
 Metaspace       used 122688K, capacity 128734K, committed 129048K, reserved 1161216K
  class space    used 15430K, capacity 16581K, committed 16688K, reserved 1048576K
GC Heap History (10 events):
Event: 109.575 GC heap before
{Heap before GC invocations=28 (full 4):
 PSYoungGen      total 585728K, used 585649K [0x00000000d5580000, 0x0000000100000000, 0x0000000100000000)
  eden space 480768K, 100% used [0x00000000d5580000,0x00000000f2b00000,0x00000000f2b00000)
  from space 104960K, 99% used [0x00000000f2b00000,0x00000000f916c4f0,0x00000000f9180000)
  to   space 113152K, 0% used [0x00000000f9180000,0x00000000f9180000,0x0000000100000000)
 ParOldGen       total 463360K, used 255637K [0x0000000080000000, 0x000000009c480000, 0x00000000d5580000)
  object space 463360K, 55% used [0x0000000080000000,0x000000008f9a57c0,0x000000009c480000)
 Metaspace       used 114813K, capacity 120470K, committed 120728K, reserved 1155072K
  class space    used 14605K, capacity 15709K, committed 15792K, reserved 1048576K
Event: 109.676 GC heap after
Heap after GC invocations=28 (full 4):
 PSYoungGen      total 568320K, used 64982K [0x00000000d5580000, 0x0000000100000000, 0x0000000100000000)
  eden space 455168K, 0% used [0x00000000d5580000,0x00000000d5580000,0x00000000f1200000)
  from space 113152K, 57% used [0x00000000f9180000,0x00000000fd0f5a58,0x0000000100000000)
  to   space 121856K, 0% used [0x00000000f1200000,0x00000000f1200000,0x00000000f8900000)
 ParOldGen       total 463360K, used 255645K [0x0000000080000000, 0x000000009c480000, 0x00000000d5580000)
  object space 463360K, 55% used [0x0000000080000000,0x000000008f9a77c0,0x000000009c480000)
 Metaspace       used 114813K, capacity 120470K, committed 120728K, reserved 1155072K
  class space    used 14605K, capacity 15709K, committed 15792K, reserved 1048576K
}
Event: 111.612 GC heap before
{Heap before GC invocations=29 (full 4):
 PSYoungGen      total 568320K, used 520150K [0x00000000d5580000, 0x0000000100000000, 0x0000000100000000)
  eden space 455168K, 100% used [0x00000000d5580000,0x00000000f1200000,0x00000000f1200000)
  from space 113152K, 57% used [0x00000000f9180000,0x00000000fd0f5a58,0x0000000100000000)
  to   space 121856K, 0% used [0x00000000f1200000,0x00000000f1200000,0x00000000f8900000)
 ParOldGen       total 463360K, used 255645K [0x0000000080000000, 0x000000009c480000, 0x00000000d5580000)
  object space 463360K, 55% used [0x0000000080000000,0x000000008f9a77c0,0x000000009c480000)
 Metaspace       used 114992K, capacity 120770K, committed 120984K, reserved 1155072K
  class space    used 14625K, capacity 15733K, committed 15792K, reserved 1048576K
Event: 111.799 GC heap after
Heap after GC invocations=29 (full 4):
 PSYoungGen      total 577024K, used 121850K [0x00000000d5580000, 0x0000000100000000, 0x0000000100000000)
  eden space 455168K, 0% used [0x00000000d5580000,0x00000000d5580000,0x00000000f1200000)
  from space 121856K, 99% used [0x00000000f1200000,0x00000000f88fea98,0x00000000f8900000)
  to   space 121856K, 0% used [0x00000000f8900000,0x00000000f8900000,0x0000000100000000)
 ParOldGen       total 463360K, used 288439K [0x0000000080000000, 0x000000009c480000, 0x00000000d5580000)
  object space 463360K, 62% used [0x0000000080000000,0x00000000919ade70,0x000000009c480000)
 Metaspace       used 114992K, capacity 120770K, committed 120984K, reserved 1155072K
  class space    used 14625K, capacity 15733K, committed 15792K, reserved 1048576K
}
Event: 114.433 GC heap before
{Heap before GC invocations=30 (full 4):
 PSYoungGen      total 577024K, used 577018K [0x00000000d5580000, 0x0000000100000000, 0x0000000100000000)
  eden space 455168K, 100% used [0x00000000d5580000,0x00000000f1200000,0x00000000f1200000)
  from space 121856K, 99% used [0x00000000f1200000,0x00000000f88fea98,0x00000000f8900000)
  to   space 121856K, 0% used [0x00000000f8900000,0x00000000f8900000,0x0000000100000000)
 ParOldGen       total 463360K, used 288439K [0x0000000080000000, 0x000000009c480000, 0x00000000d5580000)
  object space 463360K, 62% used [0x0000000080000000,0x00000000919ade70,0x000000009c480000)
 Metaspace       used 115054K, capacity 120868K, committed 120984K, reserved 1155072K
  class space    used 14627K, capacity 15736K, committed 15792K, reserved 1048576K
Event: 114.552 GC heap after
Heap after GC invocations=30 (full 4):
 PSYoungGen      total 512512K, used 90131K [0x00000000d5580000, 0x0000000100000000, 0x0000000100000000)
  eden space 390656K, 0% used [0x00000000d5580000,0x00000000d5580000,0x00000000ed300000)
  from space 121856K, 73% used [0x00000000f8900000,0x00000000fe104ca8,0x0000000100000000)
  to   space 154112K, 0% used [0x00000000ed300000,0x00000000ed300000,0x00000000f6980000)
 ParOldGen       total 463360K, used 290612K [0x0000000080000000, 0x000000009c480000, 0x00000000d5580000)
  object space 463360K, 62% used [0x0000000080000000,0x0000000091bcd080,0x000000009c480000)
 Metaspace       used 115054K, capacity 120868K, committed 120984K, reserved 1155072K
  class space    used 14627K, capacity 15736K, committed 15792K, reserved 1048576K
}
Event: 348.947 GC heap before
{Heap before GC invocations=31 (full 4):
 PSYoungGen      total 512512K, used 480787K [0x00000000d5580000, 0x0000000100000000, 0x0000000100000000)
  eden space 390656K, 100% used [0x00000000d5580000,0x00000000ed300000,0x00000000ed300000)
  from space 121856K, 73% used [0x00000000f8900000,0x00000000fe104ca8,0x0000000100000000)
  to   space 154112K, 0% used [0x00000000ed300000,0x00000000ed300000,0x00000000f6980000)
 ParOldGen       total 463360K, used 290612K [0x0000000080000000, 0x000000009c480000, 0x00000000d5580000)
  object space 463360K, 62% used [0x0000000080000000,0x0000000091bcd080,0x000000009c480000)
 Metaspace       used 115518K, capacity 121346K, committed 121496K, reserved 1155072K
  class space    used 14634K, capacity 15749K, committed 15792K, reserved 1048576K
Event: 349.095 GC heap after
Heap after GC invocations=31 (full 4):
 PSYoungGen      total 544768K, used 71923K [0x00000000d5580000, 0x0000000100000000, 0x0000000100000000)
  eden space 390656K, 0% used [0x00000000d5580000,0x00000000d5580000,0x00000000ed300000)
  from space 154112K, 46% used [0x00000000ed300000,0x00000000f193cc38,0x00000000f6980000)
  to   space 147968K, 0% used [0x00000000f6f80000,0x00000000f6f80000,0x0000000100000000)
 ParOldGen       total 463360K, used 306677K [0x0000000080000000, 0x000000009c480000, 0x00000000d5580000)
  object space 463360K, 66% used [0x0000000080000000,0x0000000092b7d5a0,0x000000009c480000)
 Metaspace       used 115518K, capacity 121346K, committed 121496K, reserved 1155072K
  class space    used 14634K, capacity 15749K, committed 15792K, reserved 1048576K
}
Event: 535.916 GC heap before
{Heap before GC invocations=32 (full 4):
 PSYoungGen      total 544768K, used 462569K [0x00000000d5580000, 0x0000000100000000, 0x0000000100000000)
  eden space 390656K, 99% used [0x00000000d5580000,0x00000000ed2fd9f0,0x00000000ed300000)
  from space 154112K, 46% used [0x00000000ed300000,0x00000000f193cc38,0x00000000f6980000)
  to   space 147968K, 0% used [0x00000000f6f80000,0x00000000f6f80000,0x0000000100000000)
 ParOldGen       total 463360K, used 306677K [0x0000000080000000, 0x000000009c480000, 0x00000000d5580000)
  object space 463360K, 66% used [0x0000000080000000,0x0000000092b7d5a0,0x000000009c480000)
 Metaspace       used 116150K, capacity 122194K, committed 122392K, reserved 1155072K
  class space    used 14697K, capacity 15875K, committed 15920K, reserved 1048576K
Event: 535.986 GC heap after
Heap after GC invocations=32 (full 4):
 PSYoungGen      total 524288K, used 59480K [0x00000000d5580000, 0x00000000fec00000, 0x0000000100000000)
  eden space 396800K, 0% used [0x00000000d5580000,0x00000000d5580000,0x00000000ed900000)
  from space 127488K, 46% used [0x00000000f6f80000,0x00000000fa9962d0,0x00000000fec00000)
  to   space 140800K, 0% used [0x00000000ed900000,0x00000000ed900000,0x00000000f6280000)
 ParOldGen       total 463360K, used 306685K [0x0000000080000000, 0x000000009c480000, 0x00000000d5580000)
  object space 463360K, 66% used [0x0000000080000000,0x0000000092b7f5a0,0x000000009c480000)
 Metaspace       used 116150K, capacity 122194K, committed 122392K, reserved 1155072K
  class space    used 14697K, capacity 15875K, committed 15920K, reserved 1048576K
}

