# JRE version: OpenJDK Runtime Environment (8.0_242-b01) (build 1.8.0_242-release-1644-b01)
# Java VM: OpenJDK 64-Bit Server VM (25.242-b01 mixed mode windows-amd64 compressed oops)
Heap:
 PSYoungGen      total 244224K, used 47063K [0x00000000d5580000, 0x00000000ea200000, 0x0000000100000000)
  eden space 216064K, 8% used [0x00000000d5580000,0x00000000d67f8308,0x00000000e2880000)
  from space 28160K, 99% used [0x00000000e2880000,0x00000000e43fd968,0x00000000e4400000)
  to   space 45056K, 0% used [0x00000000e7600000,0x00000000e7600000,0x00000000ea200000)
 ParOldGen       total 237056K, used 88645K [0x0000000080000000, 0x000000008e780000, 0x00000000d5580000)
  object space 237056K, 37% used [0x0000000080000000,0x0000000085691618,0x000000008e780000)
 Metaspace       used 79094K, capacity 82864K, committed 83224K, reserved 1122304K
  class space    used 10520K, capacity 11236K, committed 11312K, reserved 1048576K
GC Heap History (10 events):
Event: 9.330 GC heap before
{Heap before GC invocations=12 (full 2):
 PSYoungGen      total 200704K, used 101207K [0x00000000d5580000, 0x00000000e3600000, 0x0000000100000000)
  eden space 188928K, 47% used [0x00000000d5580000,0x00000000dacddcf0,0x00000000e0e00000)
  from space 11776K, 99% used [0x00000000e0e00000,0x00000000e1978030,0x00000000e1980000)
  to   space 17920K, 0% used [0x00000000e2480000,0x00000000e2480000,0x00000000e3600000)
 ParOldGen       total 144896K, used 28082K [0x0000000080000000, 0x0000000088d80000, 0x00000000d5580000)
  object space 144896K, 19% used [0x0000000080000000,0x0000000081b6c850,0x0000000088d80000)
 Metaspace       used 56632K, capacity 59042K, committed 59160K, reserved 1099776K
  class space    used 7742K, capacity 8236K, committed 8240K, reserved 1048576K
Event: 9.356 GC heap after
Heap after GC invocations=12 (full 2):
 PSYoungGen      total 208384K, used 17916K [0x00000000d5580000, 0x00000000e6600000, 0x0000000100000000)
  eden space 190464K, 0% used [0x00000000d5580000,0x00000000d5580000,0x00000000e0f80000)
  from space 17920K, 99% used [0x00000000e2480000,0x00000000e35ff3b8,0x00000000e3600000)
  to   space 21504K, 0% used [0x00000000e0f80000,0x00000000e0f80000,0x00000000e2480000)
 ParOldGen       total 144896K, used 31670K [0x0000000080000000, 0x0000000088d80000, 0x00000000d5580000)
  object space 144896K, 21% used [0x0000000080000000,0x0000000081eeda30,0x0000000088d80000)
 Metaspace       used 56632K, capacity 59042K, committed 59160K, reserved 1099776K
  class space    used 7742K, capacity 8236K, committed 8240K, reserved 1048576K
}
Event: 9.356 GC heap before
{Heap before GC invocations=13 (full 3):
 PSYoungGen      total 208384K, used 17916K [0x00000000d5580000, 0x00000000e6600000, 0x0000000100000000)
  eden space 190464K, 0% used [0x00000000d5580000,0x00000000d5580000,0x00000000e0f80000)
  from space 17920K, 99% used [0x00000000e2480000,0x00000000e35ff3b8,0x00000000e3600000)
  to   space 21504K, 0% used [0x00000000e0f80000,0x00000000e0f80000,0x00000000e2480000)
 ParOldGen       total 144896K, used 31670K [0x0000000080000000, 0x0000000088d80000, 0x00000000d5580000)
  object space 144896K, 21% used [0x0000000080000000,0x0000000081eeda30,0x0000000088d80000)
 Metaspace       used 56632K, capacity 59042K, committed 59160K, reserved 1099776K
  class space    used 7742K, capacity 8236K, committed 8240K, reserved 1048576K
Event: 9.721 GC heap after
Heap after GC invocations=13 (full 3):
 PSYoungGen      total 208384K, used 0K [0x00000000d5580000, 0x00000000e6600000, 0x0000000100000000)
  eden space 190464K, 0% used [0x00000000d5580000,0x00000000d5580000,0x00000000e0f80000)
  from space 17920K, 0% used [0x00000000e2480000,0x00000000e2480000,0x00000000e3600000)
  to   space 21504K, 0% used [0x00000000e0f80000,0x00000000e0f80000,0x00000000e2480000)
 ParOldGen       total 237056K, used 46724K [0x0000000080000000, 0x000000008e780000, 0x00000000d5580000)
  object space 237056K, 19% used [0x0000000080000000,0x0000000082da13e0,0x000000008e780000)
 Metaspace       used 56597K, capacity 58922K, committed 59160K, reserved 1099776K
  class space    used 7731K, capacity 8216K, committed 8240K, reserved 1048576K
}
Event: 12.686 GC heap before
{Heap before GC invocations=14 (full 3):
 PSYoungGen      total 208384K, used 190464K [0x00000000d5580000, 0x00000000e6600000, 0x0000000100000000)
  eden space 190464K, 100% used [0x00000000d5580000,0x00000000e0f80000,0x00000000e0f80000)
  from space 17920K, 0% used [0x00000000e2480000,0x00000000e2480000,0x00000000e3600000)
  to   space 21504K, 0% used [0x00000000e0f80000,0x00000000e0f80000,0x00000000e2480000)
 ParOldGen       total 237056K, used 46724K [0x0000000080000000, 0x000000008e780000, 0x00000000d5580000)
  object space 237056K, 19% used [0x0000000080000000,0x0000000082da13e0,0x000000008e780000)
 Metaspace       used 64319K, capacity 67772K, committed 67992K, reserved 1107968K
  class space    used 8897K, capacity 9563K, committed 9648K, reserved 1048576K
Event: 12.705 GC heap after
Heap after GC invocations=14 (full 3):
 PSYoungGen      total 211968K, used 17658K [0x00000000d5580000, 0x00000000e5a80000, 0x0000000100000000)
  eden space 190464K, 0% used [0x00000000d5580000,0x00000000d5580000,0x00000000e0f80000)
  from space 21504K, 82% used [0x00000000e0f80000,0x00000000e20be870,0x00000000e2480000)
  to   space 23040K, 0% used [0x00000000e4400000,0x00000000e4400000,0x00000000e5a80000)
 ParOldGen       total 237056K, used 46732K [0x0000000080000000, 0x000000008e780000, 0x00000000d5580000)
  object space 237056K, 19% used [0x0000000080000000,0x0000000082da33e0,0x000000008e780000)
 Metaspace       used 64319K, capacity 67772K, committed 67992K, reserved 1107968K
  class space    used 8897K, capacity 9563K, committed 9648K, reserved 1048576K
}
Event: 14.835 GC heap before
{Heap before GC invocations=15 (full 3):
 PSYoungGen      total 211968K, used 208122K [0x00000000d5580000, 0x00000000e5a80000, 0x0000000100000000)
  eden space 190464K, 100% used [0x00000000d5580000,0x00000000e0f80000,0x00000000e0f80000)
  from space 21504K, 82% used [0x00000000e0f80000,0x00000000e20be870,0x00000000e2480000)
  to   space 23040K, 0% used [0x00000000e4400000,0x00000000e4400000,0x00000000e5a80000)
 ParOldGen       total 237056K, used 46732K [0x0000000080000000, 0x000000008e780000, 0x00000000d5580000)
  object space 237056K, 19% used [0x0000000080000000,0x0000000082da33e0,0x000000008e780000)
 Metaspace       used 69723K, capacity 73432K, committed 73496K, reserved 1112064K
  class space    used 9567K, capacity 10284K, committed 10288K, reserved 1048576K
Event: 14.868 GC heap after
Heap after GC invocations=15 (full 3):
 PSYoungGen      total 239104K, used 23035K [0x00000000d5580000, 0x00000000e6400000, 0x0000000100000000)
  eden space 216064K, 0% used [0x00000000d5580000,0x00000000d5580000,0x00000000e2880000)
  from space 23040K, 99% used [0x00000000e4400000,0x00000000e5a7efc0,0x00000000e5a80000)
  to   space 28160K, 0% used [0x00000000e2880000,0x00000000e2880000,0x00000000e4400000)
 ParOldGen       total 237056K, used 52903K [0x0000000080000000, 0x000000008e780000, 0x00000000d5580000)
  object space 237056K, 22% used [0x0000000080000000,0x00000000833a9fa8,0x000000008e780000)
 Metaspace       used 69723K, capacity 73432K, committed 73496K, reserved 1112064K
  class space    used 9567K, capacity 10284K, committed 10288K, reserved 1048576K
}
Event: 18.481 GC heap before
{Heap before GC invocations=16 (full 3):
 PSYoungGen      total 239104K, used 239099K [0x00000000d5580000, 0x00000000e6400000, 0x0000000100000000)
  eden space 216064K, 100% used [0x00000000d5580000,0x00000000e2880000,0x00000000e2880000)
  from space 23040K, 99% used [0x00000000e4400000,0x00000000e5a7efc0,0x00000000e5a80000)
  to   space 28160K, 0% used [0x00000000e2880000,0x00000000e2880000,0x00000000e4400000)
 ParOldGen       total 237056K, used 52903K [0x0000000080000000, 0x000000008e780000, 0x00000000d5580000)
  object space 237056K, 22% used [0x0000000080000000,0x00000000833a9fa8,0x000000008e780000)
 Metaspace       used 78871K, capacity 82648K, committed 82968K, reserved 1120256K
  class space    used 10496K, capacity 11218K, committed 11312K, reserved 1048576K
Event: 18.542 GC heap after
Heap after GC invocations=16 (full 3):
 PSYoungGen      total 244224K, used 28150K [0x00000000d5580000, 0x00000000ea200000, 0x0000000100000000)
  eden space 216064K, 0% used [0x00000000d5580000,0x00000000d5580000,0x00000000e2880000)
  from space 28160K, 99% used [0x00000000e2880000,0x00000000e43fd968,0x00000000e4400000)
  to   space 45056K, 0% used [0x00000000e7600000,0x00000000e7600000,0x00000000ea200000)
 ParOldGen       total 237056K, used 88645K [0x0000000080000000, 0x000000008e780000, 0x00000000d5580000)
  object space 237056K, 37% used [0x0000000080000000,0x0000000085691618,0x000000008e780000)
 Metaspace       used 78871K, capacity 82648K, committed 82968K, reserved 1120256K
  class space    used 10496K, capacity 11218K, committed 11312K, reserved 1048576K
}

