# JRE version: OpenJDK Runtime Environment (8.0_242-b01) (build 1.8.0_242-release-1644-b01)
# Java VM: OpenJDK 64-Bit Server VM (25.242-b01 mixed mode windows-amd64 compressed oops)
Heap:
 PSYoungGen      total 550912K, used 398891K [0x00000000d5580000, 0x0000000100000000, 0x0000000100000000)
  eden space 412672K, 86% used [0x00000000d5580000,0x00000000eb357ad0,0x00000000ee880000)
  from space 138240K, 29% used [0x00000000f6680000,0x00000000f8e331b8,0x00000000fed80000)
  to   space 129024K, 0% used [0x00000000ee880000,0x00000000ee880000,0x00000000f6680000)
 ParOldGen       total 578560K, used 172403K [0x0000000080000000, 0x00000000a3500000, 0x00000000d5580000)
  object space 578560K, 29% used [0x0000000080000000,0x000000008a85cdd8,0x00000000a3500000)
 Metaspace       used 334849K, capacity 348832K, committed 352312K, reserved 1357824K
  class space    used 41471K, capacity 43949K, committed 44652K, reserved 1048576K
GC Heap History (10 events):
Event: 14519.911 GC heap before
{Heap before GC invocations=87 (full 6):
 PSYoungGen      total 545792K, used 442728K [0x00000000d5580000, 0x00000000fea00000, 0x0000000100000000)
  eden space 416256K, 100% used [0x00000000d5580000,0x00000000eec00000,0x00000000eec00000)
  from space 129536K, 20% used [0x00000000f6b80000,0x00000000f855a1e0,0x00000000fea00000)
  to   space 130048K, 0% used [0x00000000eec00000,0x00000000eec00000,0x00000000f6b00000)
 ParOldGen       total 516608K, used 362605K [0x0000000080000000, 0x000000009f880000, 0x00000000d5580000)
  object space 516608K, 70% used [0x0000000080000000,0x000000009621b5d8,0x000000009f880000)
 Metaspace       used 324973K, capacity 341194K, committed 341432K, reserved 1347584K
  class space    used 40584K, capacity 43494K, committed 43500K, reserved 1048576K
Event: 14520.056 GC heap after
Heap after GC invocations=87 (full 6):
 PSYoungGen      total 546304K, used 117120K [0x00000000d5580000, 0x0000000100000000, 0x0000000100000000)
  eden space 416256K, 0% used [0x00000000d5580000,0x00000000d5580000,0x00000000eec00000)
  from space 130048K, 90% used [0x00000000eec00000,0x00000000f5e602d0,0x00000000f6b00000)
  to   space 151040K, 0% used [0x00000000f6c80000,0x00000000f6c80000,0x0000000100000000)
 ParOldGen       total 516608K, used 362605K [0x0000000080000000, 0x000000009f880000, 0x00000000d5580000)
  object space 516608K, 70% used [0x0000000080000000,0x000000009621b5d8,0x000000009f880000)
 Metaspace       used 324973K, capacity 341194K, committed 341432K, reserved 1347584K
  class space    used 40584K, capacity 43494K, committed 43500K, reserved 1048576K
}
Event: 14522.457 GC heap before
{Heap before GC invocations=88 (full 6):
 PSYoungGen      total 546304K, used 533376K [0x00000000d5580000, 0x0000000100000000, 0x0000000100000000)
  eden space 416256K, 100% used [0x00000000d5580000,0x00000000eec00000,0x00000000eec00000)
  from space 130048K, 90% used [0x00000000eec00000,0x00000000f5e602d0,0x00000000f6b00000)
  to   space 151040K, 0% used [0x00000000f6c80000,0x00000000f6c80000,0x0000000100000000)
 ParOldGen       total 516608K, used 362605K [0x0000000080000000, 0x000000009f880000, 0x00000000d5580000)
  object space 516608K, 70% used [0x0000000080000000,0x000000009621b5d8,0x000000009f880000)
 Metaspace       used 325330K, capacity 341552K, committed 341816K, reserved 1347584K
  class space    used 40624K, capacity 43527K, committed 43628K, reserved 1048576K
Event: 14522.605 GC heap after
Heap after GC invocations=88 (full 6):
 PSYoungGen      total 554496K, used 54871K [0x00000000d5580000, 0x0000000100000000, 0x0000000100000000)
  eden space 403456K, 0% used [0x00000000d5580000,0x00000000d5580000,0x00000000edf80000)
  from space 151040K, 36% used [0x00000000f6c80000,0x00000000fa215e00,0x0000000100000000)
  to   space 144384K, 0% used [0x00000000edf80000,0x00000000edf80000,0x00000000f6c80000)
 ParOldGen       total 516608K, used 453517K [0x0000000080000000, 0x000000009f880000, 0x00000000d5580000)
  object space 516608K, 87% used [0x0000000080000000,0x000000009bae3710,0x000000009f880000)
 Metaspace       used 325330K, capacity 341552K, committed 341816K, reserved 1347584K
  class space    used 40624K, capacity 43527K, committed 43628K, reserved 1048576K
}
Event: 14543.785 GC heap before
{Heap before GC invocations=89 (full 6):
 PSYoungGen      total 554496K, used 458327K [0x00000000d5580000, 0x0000000100000000, 0x0000000100000000)
  eden space 403456K, 100% used [0x00000000d5580000,0x00000000edf80000,0x00000000edf80000)
  from space 151040K, 36% used [0x00000000f6c80000,0x00000000fa215e00,0x0000000100000000)
  to   space 144384K, 0% used [0x00000000edf80000,0x00000000edf80000,0x00000000f6c80000)
 ParOldGen       total 516608K, used 453517K [0x0000000080000000, 0x000000009f880000, 0x00000000d5580000)
  object space 516608K, 87% used [0x0000000080000000,0x000000009bae3710,0x000000009f880000)
 Metaspace       used 332236K, capacity 348556K, committed 348728K, reserved 1353728K
  class space    used 41402K, capacity 44327K, committed 44396K, reserved 1048576K
Event: 14543.821 GC heap after
Heap after GC invocations=89 (full 6):
 PSYoungGen      total 425984K, used 22383K [0x00000000d5580000, 0x00000000fed80000, 0x0000000100000000)
  eden space 403456K, 0% used [0x00000000d5580000,0x00000000d5580000,0x00000000edf80000)
  from space 22528K, 99% used [0x00000000edf80000,0x00000000ef55bc78,0x00000000ef580000)
  to   space 138240K, 0% used [0x00000000f6680000,0x00000000f6680000,0x00000000fed80000)
 ParOldGen       total 516608K, used 464578K [0x0000000080000000, 0x000000009f880000, 0x00000000d5580000)
  object space 516608K, 89% used [0x0000000080000000,0x000000009c5b09e8,0x000000009f880000)
 Metaspace       used 332236K, capacity 348556K, committed 348728K, reserved 1353728K
  class space    used 41402K, capacity 44327K, committed 44396K, reserved 1048576K
}
Event: 14543.821 GC heap before
{Heap before GC invocations=90 (full 7):
 PSYoungGen      total 425984K, used 22383K [0x00000000d5580000, 0x00000000fed80000, 0x0000000100000000)
  eden space 403456K, 0% used [0x00000000d5580000,0x00000000d5580000,0x00000000edf80000)
  from space 22528K, 99% used [0x00000000edf80000,0x00000000ef55bc78,0x00000000ef580000)
  to   space 138240K, 0% used [0x00000000f6680000,0x00000000f6680000,0x00000000fed80000)
 ParOldGen       total 516608K, used 464578K [0x0000000080000000, 0x000000009f880000, 0x00000000d5580000)
  object space 516608K, 89% used [0x0000000080000000,0x000000009c5b09e8,0x000000009f880000)
 Metaspace       used 332236K, capacity 348556K, committed 348728K, reserved 1353728K
  class space    used 41402K, capacity 44327K, committed 44396K, reserved 1048576K
Event: 14544.360 GC heap after
Heap after GC invocations=90 (full 7):
 PSYoungGen      total 425984K, used 0K [0x00000000d5580000, 0x00000000fed80000, 0x0000000100000000)
  eden space 403456K, 0% used [0x00000000d5580000,0x00000000d5580000,0x00000000edf80000)
  from space 22528K, 0% used [0x00000000edf80000,0x00000000edf80000,0x00000000ef580000)
  to   space 138240K, 0% used [0x00000000f6680000,0x00000000f6680000,0x00000000fed80000)
 ParOldGen       total 578560K, used 172395K [0x0000000080000000, 0x00000000a3500000, 0x00000000d5580000)
  object space 578560K, 29% used [0x0000000080000000,0x000000008a85add8,0x00000000a3500000)
 Metaspace       used 328113K, capacity 342022K, committed 348728K, reserved 1353728K
  class space    used 40685K, capacity 43138K, committed 44396K, reserved 1048576K
}
Event: 14547.403 GC heap before
{Heap before GC invocations=91 (full 7):
 PSYoungGen      total 425984K, used 403456K [0x00000000d5580000, 0x00000000fed80000, 0x0000000100000000)
  eden space 403456K, 100% used [0x00000000d5580000,0x00000000edf80000,0x00000000edf80000)
  from space 22528K, 0% used [0x00000000edf80000,0x00000000edf80000,0x00000000ef580000)
  to   space 138240K, 0% used [0x00000000f6680000,0x00000000f6680000,0x00000000fed80000)
 ParOldGen       total 578560K, used 172395K [0x0000000080000000, 0x00000000a3500000, 0x00000000d5580000)
  object space 578560K, 29% used [0x0000000080000000,0x000000008a85add8,0x00000000a3500000)
 Metaspace       used 331119K, capacity 345122K, committed 348984K, reserved 1353728K
  class space    used 40970K, capacity 43442K, committed 44396K, reserved 1048576K
Event: 14547.423 GC heap after
Heap after GC invocations=91 (full 7):
 PSYoungGen      total 550912K, used 40652K [0x00000000d5580000, 0x0000000100000000, 0x0000000100000000)
  eden space 412672K, 0% used [0x00000000d5580000,0x00000000d5580000,0x00000000ee880000)
  from space 138240K, 29% used [0x00000000f6680000,0x00000000f8e331b8,0x00000000fed80000)
  to   space 129024K, 0% used [0x00000000ee880000,0x00000000ee880000,0x00000000f6680000)
 ParOldGen       total 578560K, used 172403K [0x0000000080000000, 0x00000000a3500000, 0x00000000d5580000)
  object space 578560K, 29% used [0x0000000080000000,0x000000008a85cdd8,0x00000000a3500000)
 Metaspace       used 331119K, capacity 345122K, committed 348984K, reserved 1353728K
  class space    used 40970K, capacity 43442K, committed 44396K, reserved 1048576K
}

