# JRE version: OpenJDK Runtime Environment (8.0_242-b01) (build 1.8.0_242-release-1644-b01)
# Java VM: OpenJDK 64-Bit Server VM (25.242-b01 mixed mode windows-amd64 compressed oops)
Heap:
 PSYoungGen      total 567808K, used 552152K [0x00000000d5580000, 0x0000000100000000, 0x0000000100000000)
  eden space 486400K, 96% used [0x00000000d5580000,0x00000000f21894e0,0x00000000f3080000)
  from space 81408K, 99% used [0x00000000f3080000,0x00000000f7facd20,0x00000000f8000000)
  to   space 112640K, 0% used [0x00000000f9200000,0x00000000f9200000,0x0000000100000000)
 ParOldGen       total 372736K, used 84710K [0x0000000080000000, 0x0000000096c00000, 0x00000000d5580000)
  object space 372736K, 22% used [0x0000000080000000,0x00000000852b99e8,0x0000000096c00000)
 Metaspace       used 106879K, capacity 112160K, committed 112424K, reserved 1146880K
  class space    used 13778K, capacity 14852K, committed 14896K, reserved 1048576K
GC Heap History (10 events):
Event: 32.601 GC heap before
{Heap before GC invocations=15 (full 3):
 PSYoungGen      total 399872K, used 399870K [0x00000000d5580000, 0x00000000f4a00000, 0x0000000100000000)
  eden space 360448K, 100% used [0x00000000d5580000,0x00000000eb580000,0x00000000eb580000)
  from space 39424K, 99% used [0x00000000eb580000,0x00000000edbff9d0,0x00000000edc00000)
  to   space 47616K, 0% used [0x00000000f1b80000,0x00000000f1b80000,0x00000000f4a00000)
 ParOldGen       total 225280K, used 68869K [0x0000000080000000, 0x000000008dc00000, 0x00000000d5580000)
  object space 225280K, 30% used [0x0000000080000000,0x00000000843416f0,0x000000008dc00000)
 Metaspace       used 81434K, capacity 85302K, committed 85544K, reserved 1124352K
  class space    used 10748K, capacity 11488K, committed 11568K, reserved 1048576K
Event: 32.712 GC heap after
Heap after GC invocations=15 (full 3):
 PSYoungGen      total 439296K, used 47607K [0x00000000d5580000, 0x00000000f9100000, 0x0000000100000000)
  eden space 391680K, 0% used [0x00000000d5580000,0x00000000d5580000,0x00000000ed400000)
  from space 47616K, 99% used [0x00000000f1b80000,0x00000000f49fdc60,0x00000000f4a00000)
  to   space 73216K, 0% used [0x00000000ed400000,0x00000000ed400000,0x00000000f1b80000)
 ParOldGen       total 225280K, used 117859K [0x0000000080000000, 0x000000008dc00000, 0x00000000d5580000)
  object space 225280K, 52% used [0x0000000080000000,0x0000000087318cb8,0x000000008dc00000)
 Metaspace       used 81434K, capacity 85302K, committed 85544K, reserved 1124352K
  class space    used 10748K, capacity 11488K, committed 11568K, reserved 1048576K
}
Event: 36.424 GC heap before
{Heap before GC invocations=16 (full 3):
 PSYoungGen      total 439296K, used 439287K [0x00000000d5580000, 0x00000000f9100000, 0x0000000100000000)
  eden space 391680K, 100% used [0x00000000d5580000,0x00000000ed400000,0x00000000ed400000)
  from space 47616K, 99% used [0x00000000f1b80000,0x00000000f49fdc60,0x00000000f4a00000)
  to   space 73216K, 0% used [0x00000000ed400000,0x00000000ed400000,0x00000000f1b80000)
 ParOldGen       total 225280K, used 117859K [0x0000000080000000, 0x000000008dc00000, 0x00000000d5580000)
  object space 225280K, 52% used [0x0000000080000000,0x0000000087318cb8,0x000000008dc00000)
 Metaspace       used 86581K, capacity 91040K, committed 91304K, reserved 1128448K
  class space    used 11510K, capacity 12351K, committed 12464K, reserved 1048576K
Event: 36.553 GC heap after
Heap after GC invocations=16 (full 3):
 PSYoungGen      total 464896K, used 73215K [0x00000000d5580000, 0x00000000ffc00000, 0x0000000100000000)
  eden space 391680K, 0% used [0x00000000d5580000,0x00000000d5580000,0x00000000ed400000)
  from space 73216K, 99% used [0x00000000ed400000,0x00000000f1b7ff70,0x00000000f1b80000)
  to   space 105984K, 0% used [0x00000000f9480000,0x00000000f9480000,0x00000000ffc00000)
 ParOldGen       total 225280K, used 173475K [0x0000000080000000, 0x000000008dc00000, 0x00000000d5580000)
  object space 225280K, 77% used [0x0000000080000000,0x000000008a968dd8,0x000000008dc00000)
 Metaspace       used 86581K, capacity 91040K, committed 91304K, reserved 1128448K
  class space    used 11510K, capacity 12351K, committed 12464K, reserved 1048576K
}
Event: 38.720 GC heap before
{Heap before GC invocations=17 (full 3):
 PSYoungGen      total 464896K, used 401131K [0x00000000d5580000, 0x00000000ffc00000, 0x0000000100000000)
  eden space 391680K, 83% used [0x00000000d5580000,0x00000000e95bade8,0x00000000ed400000)
  from space 73216K, 99% used [0x00000000ed400000,0x00000000f1b7ff70,0x00000000f1b80000)
  to   space 105984K, 0% used [0x00000000f9480000,0x00000000f9480000,0x00000000ffc00000)
 ParOldGen       total 225280K, used 173475K [0x0000000080000000, 0x000000008dc00000, 0x00000000d5580000)
  object space 225280K, 77% used [0x0000000080000000,0x000000008a968dd8,0x000000008dc00000)
 Metaspace       used 93656K, capacity 98552K, committed 98600K, reserved 1134592K
  class space    used 12296K, capacity 13202K, committed 13232K, reserved 1048576K
Event: 38.825 GC heap after
Heap after GC invocations=17 (full 3):
 PSYoungGen      total 592384K, used 19469K [0x00000000d5580000, 0x00000000fff80000, 0x0000000100000000)
  eden space 486400K, 0% used [0x00000000d5580000,0x00000000d5580000,0x00000000f3080000)
  from space 105984K, 18% used [0x00000000f9480000,0x00000000fa783590,0x00000000ffc00000)
  to   space 102400K, 0% used [0x00000000f3080000,0x00000000f3080000,0x00000000f9480000)
 ParOldGen       total 228864K, used 225882K [0x0000000080000000, 0x000000008df80000, 0x00000000d5580000)
  object space 228864K, 98% used [0x0000000080000000,0x000000008dc968a0,0x000000008df80000)
 Metaspace       used 93656K, capacity 98552K, committed 98600K, reserved 1134592K
  class space    used 12296K, capacity 13202K, committed 13232K, reserved 1048576K
}
Event: 38.825 GC heap before
{Heap before GC invocations=18 (full 4):
 PSYoungGen      total 592384K, used 19469K [0x00000000d5580000, 0x00000000fff80000, 0x0000000100000000)
  eden space 486400K, 0% used [0x00000000d5580000,0x00000000d5580000,0x00000000f3080000)
  from space 105984K, 18% used [0x00000000f9480000,0x00000000fa783590,0x00000000ffc00000)
  to   space 102400K, 0% used [0x00000000f3080000,0x00000000f3080000,0x00000000f9480000)
 ParOldGen       total 228864K, used 225882K [0x0000000080000000, 0x000000008df80000, 0x00000000d5580000)
  object space 228864K, 98% used [0x0000000080000000,0x000000008dc968a0,0x000000008df80000)
 Metaspace       used 93656K, capacity 98552K, committed 98600K, reserved 1134592K
  class space    used 12296K, capacity 13202K, committed 13232K, reserved 1048576K
Event: 39.223 GC heap after
Heap after GC invocations=18 (full 4):
 PSYoungGen      total 592384K, used 0K [0x00000000d5580000, 0x00000000fff80000, 0x0000000100000000)
  eden space 486400K, 0% used [0x00000000d5580000,0x00000000d5580000,0x00000000f3080000)
  from space 105984K, 0% used [0x00000000f9480000,0x00000000f9480000,0x00000000ffc00000)
  to   space 102400K, 0% used [0x00000000f3080000,0x00000000f3080000,0x00000000f9480000)
 ParOldGen       total 372736K, used 84702K [0x0000000080000000, 0x0000000096c00000, 0x00000000d5580000)
  object space 372736K, 22% used [0x0000000080000000,0x00000000852b79e8,0x0000000096c00000)
 Metaspace       used 93397K, capacity 97772K, committed 98600K, reserved 1134592K
  class space    used 12212K, capacity 13054K, committed 13232K, reserved 1048576K
}
Event: 43.854 GC heap before
{Heap before GC invocations=19 (full 4):
 PSYoungGen      total 592384K, used 486400K [0x00000000d5580000, 0x00000000fff80000, 0x0000000100000000)
  eden space 486400K, 100% used [0x00000000d5580000,0x00000000f3080000,0x00000000f3080000)
  from space 105984K, 0% used [0x00000000f9480000,0x00000000f9480000,0x00000000ffc00000)
  to   space 102400K, 0% used [0x00000000f3080000,0x00000000f3080000,0x00000000f9480000)
 ParOldGen       total 372736K, used 84702K [0x0000000080000000, 0x0000000096c00000, 0x00000000d5580000)
  object space 372736K, 22% used [0x0000000080000000,0x00000000852b79e8,0x0000000096c00000)
 Metaspace       used 104457K, capacity 109504K, committed 109608K, reserved 1144832K
  class space    used 13541K, capacity 14552K, committed 14640K, reserved 1048576K
Event: 43.952 GC heap after
Heap after GC invocations=19 (full 4):
 PSYoungGen      total 567808K, used 81075K [0x00000000d5580000, 0x0000000100000000, 0x0000000100000000)
  eden space 486400K, 0% used [0x00000000d5580000,0x00000000d5580000,0x00000000f3080000)
  from space 81408K, 99% used [0x00000000f3080000,0x00000000f7facd20,0x00000000f8000000)
  to   space 112640K, 0% used [0x00000000f9200000,0x00000000f9200000,0x0000000100000000)
 ParOldGen       total 372736K, used 84710K [0x0000000080000000, 0x0000000096c00000, 0x00000000d5580000)
  object space 372736K, 22% used [0x0000000080000000,0x00000000852b99e8,0x0000000096c00000)
 Metaspace       used 104457K, capacity 109504K, committed 109608K, reserved 1144832K
  class space    used 13541K, capacity 14552K, committed 14640K, reserved 1048576K
}

