# JRE version: OpenJDK Runtime Environment (8.0_242-b01) (build 1.8.0_242-release-1644-b01)
# Java VM: OpenJDK 64-Bit Server VM (25.242-b01 mixed mode windows-amd64 compressed oops)
Heap:
 PSYoungGen      total 203776K, used 36598K [0x00000000d5580000, 0x00000000e3f00000, 0x0000000100000000)
  eden space 192000K, 12% used [0x00000000d5580000,0x00000000d6dc0690,0x00000000e1100000)
  from space 11776K, 99% used [0x00000000e1100000,0x00000000e1c7d2f0,0x00000000e1c80000)
  to   space 18432K, 0% used [0x00000000e2d00000,0x00000000e2d00000,0x00000000e3f00000)
 ParOldGen       total 142848K, used 28234K [0x0000000080000000, 0x0000000088b80000, 0x00000000d5580000)
  object space 142848K, 19% used [0x0000000080000000,0x0000000081b92a50,0x0000000088b80000)
 Metaspace       used 53288K, capacity 55448K, committed 55592K, reserved 1097728K
  class space    used 7177K, capacity 7668K, committed 7728K, reserved 1048576K
GC Heap History (10 events):
Event: 4.010 GC heap before
{Heap before GC invocations=7 (full 1):
 PSYoungGen      total 76288K, used 74176K [0x00000000d5580000, 0x00000000dd980000, 0x0000000100000000)
  eden space 65536K, 100% used [0x00000000d5580000,0x00000000d9580000,0x00000000d9580000)
  from space 10752K, 80% used [0x00000000d9580000,0x00000000d9df03f8,0x00000000da000000)
  to   space 12288K, 0% used [0x00000000dcd80000,0x00000000dcd80000,0x00000000dd980000)
 ParOldGen       total 93184K, used 7174K [0x0000000080000000, 0x0000000085b00000, 0x00000000d5580000)
  object space 93184K, 7% used [0x0000000080000000,0x0000000080701a68,0x0000000085b00000)
 Metaspace       used 33017K, capacity 34108K, committed 34352K, reserved 1079296K
  class space    used 4517K, capacity 4789K, committed 4912K, reserved 1048576K
Event: 4.018 GC heap after
Heap after GC invocations=7 (full 1):
 PSYoungGen      total 121856K, used 9346K [0x00000000d5580000, 0x00000000dd900000, 0x0000000100000000)
  eden space 110080K, 0% used [0x00000000d5580000,0x00000000d5580000,0x00000000dc100000)
  from space 11776K, 79% used [0x00000000dcd80000,0x00000000dd6a0a20,0x00000000dd900000)
  to   space 12288K, 0% used [0x00000000dc100000,0x00000000dc100000,0x00000000dcd00000)
 ParOldGen       total 93184K, used 7182K [0x0000000080000000, 0x0000000085b00000, 0x00000000d5580000)
  object space 93184K, 7% used [0x0000000080000000,0x0000000080703a68,0x0000000085b00000)
 Metaspace       used 33017K, capacity 34108K, committed 34352K, reserved 1079296K
  class space    used 4517K, capacity 4789K, committed 4912K, reserved 1048576K
}
Event: 4.231 GC heap before
{Heap before GC invocations=8 (full 1):
 PSYoungGen      total 121856K, used 36939K [0x00000000d5580000, 0x00000000dd900000, 0x0000000100000000)
  eden space 110080K, 25% used [0x00000000d5580000,0x00000000d7072228,0x00000000dc100000)
  from space 11776K, 79% used [0x00000000dcd80000,0x00000000dd6a0a20,0x00000000dd900000)
  to   space 12288K, 0% used [0x00000000dc100000,0x00000000dc100000,0x00000000dcd00000)
 ParOldGen       total 93184K, used 7182K [0x0000000080000000, 0x0000000085b00000, 0x00000000d5580000)
  object space 93184K, 7% used [0x0000000080000000,0x0000000080703a68,0x0000000085b00000)
 Metaspace       used 34298K, capacity 35414K, committed 35496K, reserved 1079296K
  class space    used 4720K, capacity 5002K, committed 5040K, reserved 1048576K
Event: 4.242 GC heap after
Heap after GC invocations=8 (full 1):
 PSYoungGen      total 122368K, used 8080K [0x00000000d5580000, 0x00000000e2a80000, 0x0000000100000000)
  eden space 110080K, 0% used [0x00000000d5580000,0x00000000d5580000,0x00000000dc100000)
  from space 12288K, 65% used [0x00000000dc100000,0x00000000dc8e4208,0x00000000dcd00000)
  to   space 11776K, 0% used [0x00000000e1f00000,0x00000000e1f00000,0x00000000e2a80000)
 ParOldGen       total 93184K, used 7190K [0x0000000080000000, 0x0000000085b00000, 0x00000000d5580000)
  object space 93184K, 7% used [0x0000000080000000,0x0000000080705a68,0x0000000085b00000)
 Metaspace       used 34298K, capacity 35414K, committed 35496K, reserved 1079296K
  class space    used 4720K, capacity 5002K, committed 5040K, reserved 1048576K
}
Event: 4.242 GC heap before
{Heap before GC invocations=9 (full 2):
 PSYoungGen      total 122368K, used 8080K [0x00000000d5580000, 0x00000000e2a80000, 0x0000000100000000)
  eden space 110080K, 0% used [0x00000000d5580000,0x00000000d5580000,0x00000000dc100000)
  from space 12288K, 65% used [0x00000000dc100000,0x00000000dc8e4208,0x00000000dcd00000)
  to   space 11776K, 0% used [0x00000000e1f00000,0x00000000e1f00000,0x00000000e2a80000)
 ParOldGen       total 93184K, used 7190K [0x0000000080000000, 0x0000000085b00000, 0x00000000d5580000)
  object space 93184K, 7% used [0x0000000080000000,0x0000000080705a68,0x0000000085b00000)
 Metaspace       used 34298K, capacity 35414K, committed 35496K, reserved 1079296K
  class space    used 4720K, capacity 5002K, committed 5040K, reserved 1048576K
Event: 4.299 GC heap after
Heap after GC invocations=9 (full 2):
 PSYoungGen      total 122368K, used 0K [0x00000000d5580000, 0x00000000e2a80000, 0x0000000100000000)
  eden space 110080K, 0% used [0x00000000d5580000,0x00000000d5580000,0x00000000dc100000)
  from space 12288K, 0% used [0x00000000dc100000,0x00000000dc100000,0x00000000dcd00000)
  to   space 11776K, 0% used [0x00000000e1f00000,0x00000000e1f00000,0x00000000e2a80000)
 ParOldGen       total 142848K, used 14430K [0x0000000080000000, 0x0000000088b80000, 0x00000000d5580000)
  object space 142848K, 10% used [0x0000000080000000,0x0000000080e17910,0x0000000088b80000)
 Metaspace       used 34298K, capacity 35414K, committed 35496K, reserved 1079296K
  class space    used 4720K, capacity 5002K, committed 5040K, reserved 1048576K
}
Event: 5.435 GC heap before
{Heap before GC invocations=10 (full 2):
 PSYoungGen      total 122368K, used 110080K [0x00000000d5580000, 0x00000000e2a80000, 0x0000000100000000)
  eden space 110080K, 100% used [0x00000000d5580000,0x00000000dc100000,0x00000000dc100000)
  from space 12288K, 0% used [0x00000000dc100000,0x00000000dc100000,0x00000000dcd00000)
  to   space 11776K, 0% used [0x00000000e1f00000,0x00000000e1f00000,0x00000000e2a80000)
 ParOldGen       total 142848K, used 14430K [0x0000000080000000, 0x0000000088b80000, 0x00000000d5580000)
  object space 142848K, 10% used [0x0000000080000000,0x0000000080e17910,0x0000000088b80000)
 Metaspace       used 37334K, capacity 39008K, committed 39080K, reserved 1083392K
  class space    used 5150K, capacity 5522K, committed 5552K, reserved 1048576K
Event: 5.447 GC heap after
Heap after GC invocations=10 (full 2):
 PSYoungGen      total 169984K, used 8947K [0x00000000d5580000, 0x00000000e2800000, 0x0000000100000000)
  eden space 160768K, 0% used [0x00000000d5580000,0x00000000d5580000,0x00000000df280000)
  from space 9216K, 97% used [0x00000000e1f00000,0x00000000e27bcf28,0x00000000e2800000)
  to   space 11776K, 0% used [0x00000000e1100000,0x00000000e1100000,0x00000000e1c80000)
 ParOldGen       total 142848K, used 14438K [0x0000000080000000, 0x0000000088b80000, 0x00000000d5580000)
  object space 142848K, 10% used [0x0000000080000000,0x0000000080e19910,0x0000000088b80000)
 Metaspace       used 37334K, capacity 39008K, committed 39080K, reserved 1083392K
  class space    used 5150K, capacity 5522K, committed 5552K, reserved 1048576K
}
Event: 7.585 GC heap before
{Heap before GC invocations=11 (full 2):
 PSYoungGen      total 169984K, used 169715K [0x00000000d5580000, 0x00000000e2800000, 0x0000000100000000)
  eden space 160768K, 100% used [0x00000000d5580000,0x00000000df280000,0x00000000df280000)
  from space 9216K, 97% used [0x00000000e1f00000,0x00000000e27bcf28,0x00000000e2800000)
  to   space 11776K, 0% used [0x00000000e1100000,0x00000000e1100000,0x00000000e1c80000)
 ParOldGen       total 142848K, used 14438K [0x0000000080000000, 0x0000000088b80000, 0x00000000d5580000)
  object space 142848K, 10% used [0x0000000080000000,0x0000000080e19910,0x0000000088b80000)
 Metaspace       used 50994K, capacity 53026K, committed 53160K, reserved 1095680K
  class space    used 6828K, capacity 7263K, committed 7344K, reserved 1048576K
Event: 7.606 GC heap after
Heap after GC invocations=11 (full 2):
 PSYoungGen      total 203776K, used 11764K [0x00000000d5580000, 0x00000000e3f00000, 0x0000000100000000)
  eden space 192000K, 0% used [0x00000000d5580000,0x00000000d5580000,0x00000000e1100000)
  from space 11776K, 99% used [0x00000000e1100000,0x00000000e1c7d2f0,0x00000000e1c80000)
  to   space 18432K, 0% used [0x00000000e2d00000,0x00000000e2d00000,0x00000000e3f00000)
 ParOldGen       total 142848K, used 28234K [0x0000000080000000, 0x0000000088b80000, 0x00000000d5580000)
  object space 142848K, 19% used [0x0000000080000000,0x0000000081b92a50,0x0000000088b80000)
 Metaspace       used 50994K, capacity 53026K, committed 53160K, reserved 1095680K
  class space    used 6828K, capacity 7263K, committed 7344K, reserved 1048576K
}

